<?xml version="1.0" encoding="UTF-8"?>
<!-- Generated by org.testng.reporters.JUnitReportReporter -->
<testsuite hostname="DESKTOP-36EIB2N" failures="0" tests="3" name="com.verfiabil.qa.testcases.HomePageTest" time="64.022" errors="0" timestamp="2020-01-27T11:30:30 IST" skipped="0">
  <testcase classname="com.verfiabil.qa.testcases.HomePageTest" name="verifyHomePageTitleTest" time="16.803"/>
  <system-out/>
  <testcase classname="com.verfiabil.qa.testcases.HomePageTest" name="verifyAddGroupLink" time="24.421"/>
  <system-out/>
  <testcase classname="com.verfiabil.qa.testcases.HomePageTest" name="verifyAddBrokerLink" time="22.798"/>
  <system-out/>
</testsuite> <!-- com.verfiabil.qa.testcases.HomePageTest -->
