<?xml version="1.0" encoding="UTF-8"?>
<!-- Generated by org.testng.reporters.JUnitReportReporter -->
<testsuite hostname="DESKTOP-36EIB2N" failures="0" tests="25" name="com.verfiabil.qa.testcases.Smoketests" time="605.030" errors="0" timestamp="2020-02-04T13:25:09 IST" skipped="0">
  <testcase classname="com.verfiabil.qa.testcases.Smoketests" name="verifyHomePageTitleTest" time="16.398"/>
  <system-out/>
  <testcase classname="com.verfiabil.qa.testcases.Smoketests" name="verifyTenantsheader" time="23.325"/>
  <system-out/>
  <testcase classname="com.verfiabil.qa.testcases.Smoketests" name="verifyAddGroupLink" time="26.276"/>
  <system-out/>
  <testcase classname="com.verfiabil.qa.testcases.Smoketests" name="verifyAddBrokerLink" time="24.710"/>
  <system-out/>
  <testcase classname="com.verfiabil.qa.testcases.Smoketests" name="verifyRolesgclink" time="23.966"/>
  <system-out/>
  <testcase classname="com.verfiabil.qa.testcases.Smoketests" name="verifyUsersgclink" time="24.515"/>
  <system-out/>
  <testcase classname="com.verfiabil.qa.testcases.Smoketests" name="verifyAuditlogsgclink" time="26.106"/>
  <system-out/>
  <testcase classname="com.verfiabil.qa.testcases.Smoketests" name="verifyMaintainencegclink" time="23.871"/>
  <system-out/>
  <testcase classname="com.verfiabil.qa.testcases.Smoketests" name="verifySettingsgclink" time="23.566"/>
  <system-out/>
  <testcase classname="com.verfiabil.qa.testcases.Smoketests" name="verifyCarriermanagementgclink" time="23.496"/>
  <system-out/>
  <testcase classname="com.verfiabil.qa.testcases.Smoketests" name="verifyAccountnumbergclink" time="23.995"/>
  <system-out/>
  <testcase classname="com.verfiabil.qa.testcases.Smoketests" name="verifyServicefeegclink" time="24.572"/>
  <system-out/>
  <testcase classname="com.verfiabil.qa.testcases.Smoketests" name="verifySelfcostplangclink" time="23.444"/>
  <system-out/>
  <testcase classname="com.verfiabil.qa.testcases.Smoketests" name="verifyImportcarrierdatagclink" time="23.364"/>
  <system-out/>
  <testcase classname="com.verfiabil.qa.testcases.Smoketests" name="verifyImportbenadmindatagclink" time="23.013"/>
  <system-out/>
  <testcase classname="com.verfiabil.qa.testcases.Smoketests" name="verifyReviewinvoicegclink" time="23.737"/>
  <system-out/>
  <testcase classname="com.verfiabil.qa.testcases.Smoketests" name="verifyResolvenamemismatchgclink" time="25.440"/>
  <system-out/>
  <testcase classname="com.verfiabil.qa.testcases.Smoketests" name="verifyDiscrepanciesgclink" time="23.375"/>
  <system-out/>
  <testcase classname="com.verfiabil.qa.testcases.Smoketests" name="verifyFollowupdiscrepancylink" time="23.605"/>
  <system-out/>
  <testcase classname="com.verfiabil.qa.testcases.Smoketests" name="verifyNodiscreapnciesgclink" time="25.024"/>
  <system-out/>
  <testcase classname="com.verfiabil.qa.testcases.Smoketests" name="verifyBillinglink" time="23.410"/>
  <system-out/>
  <testcase classname="com.verfiabil.qa.testcases.Smoketests" name="verifyCarrierinvoicesummarygclink" time="30.316"/>
  <system-out/>
  <testcase classname="com.verfiabil.qa.testcases.Smoketests" name="verifyCostallocationgclink" time="24.183"/>
  <system-out/>
  <testcase classname="com.verfiabil.qa.testcases.Smoketests" name="verifyUploadcustomreportgclink" time="26.083"/>
  <system-out/>
  <testcase classname="com.verfiabil.qa.testcases.Smoketests" name="verifyOtherreportsgclink" time="25.240"/>
  <system-out/>
</testsuite> <!-- com.verfiabil.qa.testcases.Smoketests -->
