<?xml version="1.0" encoding="UTF-8"?>
<!-- Generated by org.testng.reporters.JUnitReportReporter -->
<testsuite hostname="DESKTOP-36EIB2N" failures="0" tests="2" name="com.verfiabil.qa.testcases.LoginPageTest" time="42.162" errors="0" timestamp="2020-01-27T11:30:30 IST" skipped="0">
  <testcase classname="com.verfiabil.qa.testcases.LoginPageTest" name="verfiabilLogoTest" time="24.592"/>
  <system-out/>
  <testcase classname="com.verfiabil.qa.testcases.LoginPageTest" name="loginTest" time="17.570"/>
  <system-out/>
</testsuite> <!-- com.verfiabil.qa.testcases.LoginPageTest -->
