<?xml version="1.0" encoding="UTF-8"?>
<!-- Generated by org.testng.reporters.JUnitReportReporter -->
<testsuite hostname="DESKTOP-36EIB2N" failures="0" tests="2" name="com.verfiabil.qa.testcases.Loginpage_Blankusername_Blankpassword" time="41.326" errors="0" timestamp="2020-01-27T15:29:04 IST" skipped="0">
  <testcase classname="com.verfiabil.qa.testcases.Loginpage_Blankusername_Blankpassword" name="verfiabilLogoTest" time="24.246"/>
  <system-out/>
  <testcase classname="com.verfiabil.qa.testcases.Loginpage_Blankusername_Blankpassword" name="loginTest" time="17.080"/>
  <system-out/>
</testsuite> <!-- com.verfiabil.qa.testcases.Loginpage_Blankusername_Blankpassword -->
