<?xml version="1.0" encoding="UTF-8"?>
<!-- Generated by org.testng.reporters.JUnitReportReporter -->
<testsuite hostname="DESKTOP-36EIB2N" failures="0" tests="2" name="com.verfiabil.qa.testcases.Loginpage_Invaliduser_invalidpassword" time="42.646" errors="0" timestamp="2020-01-27T13:18:24 IST" skipped="0">
  <testcase classname="com.verfiabil.qa.testcases.Loginpage_Invaliduser_invalidpassword" name="verfiabilLogoTest" time="24.882"/>
  <system-out/>
  <testcase classname="com.verfiabil.qa.testcases.Loginpage_Invaliduser_invalidpassword" name="loginTest" time="17.764"/>
  <system-out/>
</testsuite> <!-- com.verfiabil.qa.testcases.Loginpage_Invaliduser_invalidpassword -->
